<?xml version="1.0" encoding="UTF-8"?>
<!-- Generated by org.testng.reporters.JUnitXMLReporter -->
<testsuite ignored="12" hostname="DESKTOP-2G3OJGV" failures="0" tests="1" name="Default test" time="9.878" errors="0" timestamp="2025-10-16T21:15:23 IST">
  <testcase classname="tutorialninja.tests.Login" name="verifyPasswordEneterdHaveToggeled" time="0.067"/>
  <testcase classname="tutorialninja.tests.Login" name="verifyLoginWithInactiveCredentials" time="0.0">
    <ignored/>
  </testcase> <!-- verifyLoginWithInactiveCredentials -->
  <testcase classname="tutorialninja.tests.Login" name="verifyInvalidEmailAndValidPassword" time="0.0">
    <ignored/>
  </testcase> <!-- verifyInvalidEmailAndValidPassword -->
  <testcase classname="tutorialninja.tests.Login" name="verifyPlaceHolderOnLoginAndPasswordField" time="0.0">
    <ignored/>
  </testcase> <!-- verifyPlaceHolderOnLoginAndPasswordField -->
  <testcase classname="tutorialninja.tests.Login" name="verifyLoginWithInvalidCradentials" time="0.0">
    <ignored/>
  </testcase> <!-- verifyLoginWithInvalidCradentials -->
  <testcase classname="tutorialninja.tests.Login" name="verifyLoginWithEmptyFields" time="0.0">
    <ignored/>
  </testcase> <!-- verifyLoginWithEmptyFields -->
  <testcase classname="tutorialninja.tests.Login" name="verifyUserSatysLoggedInAfterClickingBlackBrowserArrow" time="0.0">
    <ignored/>
  </testcase> <!-- verifyUserSatysLoggedInAfterClickingBlackBrowserArrow -->
  <testcase classname="tutorialninja.tests.Login" name="verifyLoginToAppUsingTabButton" time="0.0">
    <ignored/>
  </testcase> <!-- verifyLoginToAppUsingTabButton -->
  <testcase classname="tutorialninja.tests.Login" name="verifyForgotPasswordLink" time="0.0">
    <ignored/>
  </testcase> <!-- verifyForgotPasswordLink -->
  <testcase classname="tutorialninja.tests.Login" name="verifyLoginWithValidCradentials" time="0.0">
    <ignored/>
  </testcase> <!-- verifyLoginWithValidCradentials -->
  <testcase classname="tutorialninja.tests.Login" name="verifyBrowserBackAfterLoggingOut" time="0.0">
    <ignored/>
  </testcase> <!-- verifyBrowserBackAfterLoggingOut -->
  <testcase classname="tutorialninja.tests.Login" name="verifyValidEmailAndInvalidPassword" time="0.0">
    <ignored/>
  </testcase> <!-- verifyValidEmailAndInvalidPassword -->
  <testcase classname="tutorialninja.tests.Login" name="verifyLoginAttemptExceededWarningMsg" time="0.0">
    <ignored/>
  </testcase> <!-- verifyLoginAttemptExceededWarningMsg -->
</testsuite> <!-- Default test -->
