<?xml version="1.0" encoding="UTF-8"?>
<!-- Generated by org.testng.reporters.JUnitXMLReporter -->
<testsuite ignored="0" hostname="DESKTOP-2G3OJGV" failures="9" tests="31" name="Test" time="651.799" errors="0" timestamp="2025-10-06T19:39:19 IST">
  <testcase classname="tutorialninja.register.TC_001" name="registerWithEmail" time="2.524"/>
  <testcase classname="tutorialninja.register.TC_002" name="verifyRegisterSuccesfullPage" time="3.181"/>
  <testcase classname="tutorialninja.register.TF_003" name="verifyValidationMessageOnRegisterPage" time="5.897"/>
  <testcase classname="tutorialninja.register.TC_004" name="verifyRegisteringAccountBySubscribingNewsLetter" time="3.695"/>
  <testcase classname="tutorialninja.register.TC_005" name="verifyRegisterWithNoSubscribtion" time="4.566"/>
  <testcase classname="tutorialninja.register.TC_006" name="verifyNevigateToRegisterPage" time="8.607"/>
  <testcase classname="tutorialninja.register.TC_007" name="verifyRegisterAccountPage" time="4.672"/>
  <testcase classname="tutorialninja.register.TC_008" name="verifyRegisterNewUserWithWrongPassword" time="2.432"/>
  <testcase classname="tutorialninja.register.TC_009" name="verifyRegisterNewUserWithExistingEmail" time="1.513"/>
  <testcase classname="tutorialninja.register.TC_010" name="verifyEmailFieldWithDifferentData" time="2.151"/>
  <testcase classname="tutorialninja.register.TC_011" name="verifyInvalidTelephoneNumber" time="4.475">
    <failure type="org.openqa.selenium.NoSuchElementException" message="Unable to locate element: //input[@id=&amp;apos;input-telephone&amp;apos;]/following-sibling::div
For documentation on this error, please visit: https://www.selenium.dev/documentation/webdriver/troubleshooting/errors#no-such-element-exception
Build info: version: &amp;apos;4.27.0&amp;apos;, revision: &amp;apos;d6e718d134&amp;apos;
System info: os.name: &amp;apos;Windows 10&amp;apos;, os.arch: &amp;apos;amd64&amp;apos;, os.version: &amp;apos;10.0&amp;apos;, java.version: &amp;apos;23.0.1&amp;apos;
Driver info: org.openqa.selenium.firefox.FirefoxDriver
Command: [76bd802b-9d5c-4cec-a01e-a53958f81cb6, findElement {using=xpath, value=//input[@id=&amp;apos;input-telephone&amp;apos;]/following-sibling::div}]
Capabilities {acceptInsecureCerts: true, browserName: firefox, browserVersion: 143.0.3, moz:accessibilityChecks: false, moz:buildID: 20250929153833, moz:geckodriverVersion: 0.36.0, moz:headless: false, moz:platformVersion: 10.0, moz:processID: 32404, moz:profile: C:\WINDOWS\TEMP\rust_mozpro..., moz:shutdownTimeout: 60000, moz:webdriverClick: true, moz:windowless: false, pageLoadStrategy: normal, platformName: windows, proxy: Proxy(), setWindowRect: true, strictFileInteractability: false, timeouts: {implicit: 0, pageLoad: 300000, script: 30000}, unhandledPromptBehavior: dismiss and notify, userAgent: Mozilla/5.0 (Windows NT 10....}
Session ID: 76bd802b-9d5c-4cec-a01e-a53958f81cb6">
      <![CDATA[org.openqa.selenium.NoSuchElementException: Unable to locate element: //input[@id='input-telephone']/following-sibling::div
For documentation on this error, please visit: https://www.selenium.dev/documentation/webdriver/troubleshooting/errors#no-such-element-exception
Build info: version: '4.27.0', revision: 'd6e718d134'
System info: os.name: 'Windows 10', os.arch: 'amd64', os.version: '10.0', java.version: '23.0.1'
Driver info: org.openqa.selenium.firefox.FirefoxDriver
Command: [76bd802b-9d5c-4cec-a01e-a53958f81cb6, findElement {using=xpath, value=//input[@id='input-telephone']/following-sibling::div}]
Capabilities {acceptInsecureCerts: true, browserName: firefox, browserVersion: 143.0.3, moz:accessibilityChecks: false, moz:buildID: 20250929153833, moz:geckodriverVersion: 0.36.0, moz:headless: false, moz:platformVersion: 10.0, moz:processID: 32404, moz:profile: C:\WINDOWS\TEMP\rust_mozpro..., moz:shutdownTimeout: 60000, moz:webdriverClick: true, moz:windowless: false, pageLoadStrategy: normal, platformName: windows, proxy: Proxy(), setWindowRect: true, strictFileInteractability: false, timeouts: {implicit: 0, pageLoad: 300000, script: 30000}, unhandledPromptBehavior: dismiss and notify, userAgent: Mozilla/5.0 (Windows NT 10....}
Session ID: 76bd802b-9d5c-4cec-a01e-a53958f81cb6
at org.openqa.selenium.remote.ErrorCodec.decode(ErrorCodec.java:167)
at org.openqa.selenium.remote.codec.w3c.W3CHttpResponseCodec.decode(W3CHttpResponseCodec.java:138)
at org.openqa.selenium.remote.codec.w3c.W3CHttpResponseCodec.decode(W3CHttpResponseCodec.java:50)
at org.openqa.selenium.remote.HttpCommandExecutor.execute(HttpCommandExecutor.java:190)
at org.openqa.selenium.remote.service.DriverCommandExecutor.invokeExecute(DriverCommandExecutor.java:216)
at org.openqa.selenium.remote.service.DriverCommandExecutor.execute(DriverCommandExecutor.java:174)
at org.openqa.selenium.remote.RemoteWebDriver.execute(RemoteWebDriver.java:545)
at org.openqa.selenium.remote.ElementLocation$ElementFinder$2.findElement(ElementLocation.java:165)
at org.openqa.selenium.remote.ElementLocation.findElement(ElementLocation.java:59)
at org.openqa.selenium.remote.RemoteWebDriver.findElement(RemoteWebDriver.java:368)
at org.openqa.selenium.remote.RemoteWebDriver.findElement(RemoteWebDriver.java:362)
at tutorialninja.register.TC_011.verifyInvalidTelephoneNumber(TC_011.java:47)
at java.base/java.util.ArrayList.forEach(ArrayList.java:1597)
... Removed 28 stack frames]]>
    </failure>
  </testcase> <!-- verifyInvalidTelephoneNumber -->
  <testcase classname="tutorialninja.register.TC_012" name="verifyRegisterAccountPageUsingKeyboardKeys" time="12.009"/>
  <testcase classname="tutorialninja.register.TC_013" name="verifyRegisterPagePlaceholder" time="0.275"/>
  <testcase classname="tutorialninja.register.Tc_014" name="verifyRegisterPageFieldName" time="0.212">
    <failure type="java.lang.AssertionError" message="expected [&amp;quot;* &amp;quot;] but found [none]">
      <![CDATA[java.lang.AssertionError: expected ["* "] but found [none]
at tutorialninja.register.Tc_014.verifyRegisterPageFieldName(Tc_014.java:99)
at java.base/java.util.ArrayList.forEach(ArrayList.java:1597)
... Removed 31 stack frames]]>
    </failure>
  </testcase> <!-- verifyRegisterPageFieldName -->
  <testcase classname="tutorialninja.register.TC_015" name="verifyDatabaseTestingOfRegisteringAccount" time="6.364"/>
  <testcase classname="tutorialninja.register.TC_016" name="verifySpaceNotAllowedOnRegistedField" time="3.819">
    <failure type="org.openqa.selenium.NoSuchElementException" message="Unable to locate element: //input[@id=&amp;apos;input-firstname&amp;apos;]/following-sibling::div
For documentation on this error, please visit: https://www.selenium.dev/documentation/webdriver/troubleshooting/errors#no-such-element-exception
Build info: version: &amp;apos;4.27.0&amp;apos;, revision: &amp;apos;d6e718d134&amp;apos;
System info: os.name: &amp;apos;Windows 10&amp;apos;, os.arch: &amp;apos;amd64&amp;apos;, os.version: &amp;apos;10.0&amp;apos;, java.version: &amp;apos;23.0.1&amp;apos;
Driver info: org.openqa.selenium.firefox.FirefoxDriver
Command: [5e28310a-5a7a-42c4-bc44-8c83ae75d41e, findElement {using=xpath, value=//input[@id=&amp;apos;input-firstname&amp;apos;]/following-sibling::div}]
Capabilities {acceptInsecureCerts: true, browserName: firefox, browserVersion: 143.0.3, moz:accessibilityChecks: false, moz:buildID: 20250929153833, moz:geckodriverVersion: 0.36.0, moz:headless: false, moz:platformVersion: 10.0, moz:processID: 24828, moz:profile: C:\WINDOWS\TEMP\rust_mozpro..., moz:shutdownTimeout: 60000, moz:webdriverClick: true, moz:windowless: false, pageLoadStrategy: normal, platformName: windows, proxy: Proxy(), setWindowRect: true, strictFileInteractability: false, timeouts: {implicit: 0, pageLoad: 300000, script: 30000}, unhandledPromptBehavior: dismiss and notify, userAgent: Mozilla/5.0 (Windows NT 10....}
Session ID: 5e28310a-5a7a-42c4-bc44-8c83ae75d41e">
      <![CDATA[org.openqa.selenium.NoSuchElementException: Unable to locate element: //input[@id='input-firstname']/following-sibling::div
For documentation on this error, please visit: https://www.selenium.dev/documentation/webdriver/troubleshooting/errors#no-such-element-exception
Build info: version: '4.27.0', revision: 'd6e718d134'
System info: os.name: 'Windows 10', os.arch: 'amd64', os.version: '10.0', java.version: '23.0.1'
Driver info: org.openqa.selenium.firefox.FirefoxDriver
Command: [5e28310a-5a7a-42c4-bc44-8c83ae75d41e, findElement {using=xpath, value=//input[@id='input-firstname']/following-sibling::div}]
Capabilities {acceptInsecureCerts: true, browserName: firefox, browserVersion: 143.0.3, moz:accessibilityChecks: false, moz:buildID: 20250929153833, moz:geckodriverVersion: 0.36.0, moz:headless: false, moz:platformVersion: 10.0, moz:processID: 24828, moz:profile: C:\WINDOWS\TEMP\rust_mozpro..., moz:shutdownTimeout: 60000, moz:webdriverClick: true, moz:windowless: false, pageLoadStrategy: normal, platformName: windows, proxy: Proxy(), setWindowRect: true, strictFileInteractability: false, timeouts: {implicit: 0, pageLoad: 300000, script: 30000}, unhandledPromptBehavior: dismiss and notify, userAgent: Mozilla/5.0 (Windows NT 10....}
Session ID: 5e28310a-5a7a-42c4-bc44-8c83ae75d41e
at org.openqa.selenium.remote.ErrorCodec.decode(ErrorCodec.java:167)
at org.openqa.selenium.remote.codec.w3c.W3CHttpResponseCodec.decode(W3CHttpResponseCodec.java:138)
at org.openqa.selenium.remote.codec.w3c.W3CHttpResponseCodec.decode(W3CHttpResponseCodec.java:50)
at org.openqa.selenium.remote.HttpCommandExecutor.execute(HttpCommandExecutor.java:190)
at org.openqa.selenium.remote.service.DriverCommandExecutor.invokeExecute(DriverCommandExecutor.java:216)
at org.openqa.selenium.remote.service.DriverCommandExecutor.execute(DriverCommandExecutor.java:174)
at org.openqa.selenium.remote.RemoteWebDriver.execute(RemoteWebDriver.java:545)
at org.openqa.selenium.remote.ElementLocation$ElementFinder$2.findElement(ElementLocation.java:165)
at org.openqa.selenium.remote.ElementLocation.findElement(ElementLocation.java:59)
at org.openqa.selenium.remote.RemoteWebDriver.findElement(RemoteWebDriver.java:368)
at org.openqa.selenium.remote.RemoteWebDriver.findElement(RemoteWebDriver.java:362)
at tutorialninja.register.TC_016.verifySpaceNotAllowedOnRegistedField(TC_016.java:45)
at java.base/java.util.ArrayList.forEach(ArrayList.java:1597)
... Removed 28 stack frames]]>
    </failure>
  </testcase> <!-- verifySpaceNotAllowedOnRegistedField -->
  <testcase classname="tutorialninja.register.TC_017" name="verifyPasswordComplaxityStandardsOnRegisterPage" time="4.8">
    <failure type="org.openqa.selenium.NoSuchElementException" message="Unable to locate element: //input[@name=&amp;apos;password&amp;apos;]/following-sibling::div
For documentation on this error, please visit: https://www.selenium.dev/documentation/webdriver/troubleshooting/errors#no-such-element-exception
Build info: version: &amp;apos;4.27.0&amp;apos;, revision: &amp;apos;d6e718d134&amp;apos;
System info: os.name: &amp;apos;Windows 10&amp;apos;, os.arch: &amp;apos;amd64&amp;apos;, os.version: &amp;apos;10.0&amp;apos;, java.version: &amp;apos;23.0.1&amp;apos;
Driver info: org.openqa.selenium.firefox.FirefoxDriver
Command: [6c5e0a13-0469-49b7-b558-49ba55ff7276, findElement {using=xpath, value=//input[@name=&amp;apos;password&amp;apos;]/following-sibling::div}]
Capabilities {acceptInsecureCerts: true, browserName: firefox, browserVersion: 143.0.3, moz:accessibilityChecks: false, moz:buildID: 20250929153833, moz:geckodriverVersion: 0.36.0, moz:headless: false, moz:platformVersion: 10.0, moz:processID: 28424, moz:profile: C:\WINDOWS\TEMP\rust_mozpro..., moz:shutdownTimeout: 60000, moz:webdriverClick: true, moz:windowless: false, pageLoadStrategy: normal, platformName: windows, proxy: Proxy(), setWindowRect: true, strictFileInteractability: false, timeouts: {implicit: 0, pageLoad: 300000, script: 30000}, unhandledPromptBehavior: dismiss and notify, userAgent: Mozilla/5.0 (Windows NT 10....}
Session ID: 6c5e0a13-0469-49b7-b558-49ba55ff7276">
      <![CDATA[org.openqa.selenium.NoSuchElementException: Unable to locate element: //input[@name='password']/following-sibling::div
For documentation on this error, please visit: https://www.selenium.dev/documentation/webdriver/troubleshooting/errors#no-such-element-exception
Build info: version: '4.27.0', revision: 'd6e718d134'
System info: os.name: 'Windows 10', os.arch: 'amd64', os.version: '10.0', java.version: '23.0.1'
Driver info: org.openqa.selenium.firefox.FirefoxDriver
Command: [6c5e0a13-0469-49b7-b558-49ba55ff7276, findElement {using=xpath, value=//input[@name='password']/following-sibling::div}]
Capabilities {acceptInsecureCerts: true, browserName: firefox, browserVersion: 143.0.3, moz:accessibilityChecks: false, moz:buildID: 20250929153833, moz:geckodriverVersion: 0.36.0, moz:headless: false, moz:platformVersion: 10.0, moz:processID: 28424, moz:profile: C:\WINDOWS\TEMP\rust_mozpro..., moz:shutdownTimeout: 60000, moz:webdriverClick: true, moz:windowless: false, pageLoadStrategy: normal, platformName: windows, proxy: Proxy(), setWindowRect: true, strictFileInteractability: false, timeouts: {implicit: 0, pageLoad: 300000, script: 30000}, unhandledPromptBehavior: dismiss and notify, userAgent: Mozilla/5.0 (Windows NT 10....}
Session ID: 6c5e0a13-0469-49b7-b558-49ba55ff7276
at org.openqa.selenium.remote.ErrorCodec.decode(ErrorCodec.java:167)
at org.openqa.selenium.remote.codec.w3c.W3CHttpResponseCodec.decode(W3CHttpResponseCodec.java:138)
at org.openqa.selenium.remote.codec.w3c.W3CHttpResponseCodec.decode(W3CHttpResponseCodec.java:50)
at org.openqa.selenium.remote.HttpCommandExecutor.execute(HttpCommandExecutor.java:190)
at org.openqa.selenium.remote.service.DriverCommandExecutor.invokeExecute(DriverCommandExecutor.java:216)
at org.openqa.selenium.remote.service.DriverCommandExecutor.execute(DriverCommandExecutor.java:174)
at org.openqa.selenium.remote.RemoteWebDriver.execute(RemoteWebDriver.java:545)
at org.openqa.selenium.remote.ElementLocation$ElementFinder$2.findElement(ElementLocation.java:165)
at org.openqa.selenium.remote.ElementLocation.findElement(ElementLocation.java:59)
at org.openqa.selenium.remote.RemoteWebDriver.findElement(RemoteWebDriver.java:368)
at org.openqa.selenium.remote.RemoteWebDriver.findElement(RemoteWebDriver.java:362)
at tutorialninja.register.TC_017.verifyPasswordComplaxityStandardsOnRegisterPage(TC_017.java:47)
at java.base/java.util.ArrayList.forEach(ArrayList.java:1597)
... Removed 28 stack frames]]>
    </failure>
  </testcase> <!-- verifyPasswordComplaxityStandardsOnRegisterPage -->
  <testcase classname="tutorialninja.register.TC_017" name="verifyPasswordComplaxityStandardsOnRegisterPage" time="4.766">
    <failure type="org.openqa.selenium.NoSuchElementException" message="Unable to locate element: //input[@name=&amp;apos;password&amp;apos;]/following-sibling::div
For documentation on this error, please visit: https://www.selenium.dev/documentation/webdriver/troubleshooting/errors#no-such-element-exception
Build info: version: &amp;apos;4.27.0&amp;apos;, revision: &amp;apos;d6e718d134&amp;apos;
System info: os.name: &amp;apos;Windows 10&amp;apos;, os.arch: &amp;apos;amd64&amp;apos;, os.version: &amp;apos;10.0&amp;apos;, java.version: &amp;apos;23.0.1&amp;apos;
Driver info: org.openqa.selenium.firefox.FirefoxDriver
Command: [fb04aa55-56b8-4e0f-996a-f03ccc09ed93, findElement {using=xpath, value=//input[@name=&amp;apos;password&amp;apos;]/following-sibling::div}]
Capabilities {acceptInsecureCerts: true, browserName: firefox, browserVersion: 143.0.3, moz:accessibilityChecks: false, moz:buildID: 20250929153833, moz:geckodriverVersion: 0.36.0, moz:headless: false, moz:platformVersion: 10.0, moz:processID: 29040, moz:profile: C:\WINDOWS\TEMP\rust_mozpro..., moz:shutdownTimeout: 60000, moz:webdriverClick: true, moz:windowless: false, pageLoadStrategy: normal, platformName: windows, proxy: Proxy(), setWindowRect: true, strictFileInteractability: false, timeouts: {implicit: 0, pageLoad: 300000, script: 30000}, unhandledPromptBehavior: dismiss and notify, userAgent: Mozilla/5.0 (Windows NT 10....}
Session ID: fb04aa55-56b8-4e0f-996a-f03ccc09ed93">
      <![CDATA[org.openqa.selenium.NoSuchElementException: Unable to locate element: //input[@name='password']/following-sibling::div
For documentation on this error, please visit: https://www.selenium.dev/documentation/webdriver/troubleshooting/errors#no-such-element-exception
Build info: version: '4.27.0', revision: 'd6e718d134'
System info: os.name: 'Windows 10', os.arch: 'amd64', os.version: '10.0', java.version: '23.0.1'
Driver info: org.openqa.selenium.firefox.FirefoxDriver
Command: [fb04aa55-56b8-4e0f-996a-f03ccc09ed93, findElement {using=xpath, value=//input[@name='password']/following-sibling::div}]
Capabilities {acceptInsecureCerts: true, browserName: firefox, browserVersion: 143.0.3, moz:accessibilityChecks: false, moz:buildID: 20250929153833, moz:geckodriverVersion: 0.36.0, moz:headless: false, moz:platformVersion: 10.0, moz:processID: 29040, moz:profile: C:\WINDOWS\TEMP\rust_mozpro..., moz:shutdownTimeout: 60000, moz:webdriverClick: true, moz:windowless: false, pageLoadStrategy: normal, platformName: windows, proxy: Proxy(), setWindowRect: true, strictFileInteractability: false, timeouts: {implicit: 0, pageLoad: 300000, script: 30000}, unhandledPromptBehavior: dismiss and notify, userAgent: Mozilla/5.0 (Windows NT 10....}
Session ID: fb04aa55-56b8-4e0f-996a-f03ccc09ed93
at org.openqa.selenium.remote.ErrorCodec.decode(ErrorCodec.java:167)
at org.openqa.selenium.remote.codec.w3c.W3CHttpResponseCodec.decode(W3CHttpResponseCodec.java:138)
at org.openqa.selenium.remote.codec.w3c.W3CHttpResponseCodec.decode(W3CHttpResponseCodec.java:50)
at org.openqa.selenium.remote.HttpCommandExecutor.execute(HttpCommandExecutor.java:190)
at org.openqa.selenium.remote.service.DriverCommandExecutor.invokeExecute(DriverCommandExecutor.java:216)
at org.openqa.selenium.remote.service.DriverCommandExecutor.execute(DriverCommandExecutor.java:174)
at org.openqa.selenium.remote.RemoteWebDriver.execute(RemoteWebDriver.java:545)
at org.openqa.selenium.remote.ElementLocation$ElementFinder$2.findElement(ElementLocation.java:165)
at org.openqa.selenium.remote.ElementLocation.findElement(ElementLocation.java:59)
at org.openqa.selenium.remote.RemoteWebDriver.findElement(RemoteWebDriver.java:368)
at org.openqa.selenium.remote.RemoteWebDriver.findElement(RemoteWebDriver.java:362)
at tutorialninja.register.TC_017.verifyPasswordComplaxityStandardsOnRegisterPage(TC_017.java:47)
at java.base/java.util.ArrayList.forEach(ArrayList.java:1597)
... Removed 28 stack frames]]>
    </failure>
  </testcase> <!-- verifyPasswordComplaxityStandardsOnRegisterPage -->
  <testcase classname="tutorialninja.register.TC_017" name="verifyPasswordComplaxityStandardsOnRegisterPage" time="4.699">
    <failure type="org.openqa.selenium.NoSuchElementException" message="Unable to locate element: //input[@name=&amp;apos;password&amp;apos;]/following-sibling::div
For documentation on this error, please visit: https://www.selenium.dev/documentation/webdriver/troubleshooting/errors#no-such-element-exception
Build info: version: &amp;apos;4.27.0&amp;apos;, revision: &amp;apos;d6e718d134&amp;apos;
System info: os.name: &amp;apos;Windows 10&amp;apos;, os.arch: &amp;apos;amd64&amp;apos;, os.version: &amp;apos;10.0&amp;apos;, java.version: &amp;apos;23.0.1&amp;apos;
Driver info: org.openqa.selenium.firefox.FirefoxDriver
Command: [82e3954c-9be4-4e50-b900-7134b81ab1f6, findElement {using=xpath, value=//input[@name=&amp;apos;password&amp;apos;]/following-sibling::div}]
Capabilities {acceptInsecureCerts: true, browserName: firefox, browserVersion: 143.0.3, moz:accessibilityChecks: false, moz:buildID: 20250929153833, moz:geckodriverVersion: 0.36.0, moz:headless: false, moz:platformVersion: 10.0, moz:processID: 32748, moz:profile: C:\WINDOWS\TEMP\rust_mozpro..., moz:shutdownTimeout: 60000, moz:webdriverClick: true, moz:windowless: false, pageLoadStrategy: normal, platformName: windows, proxy: Proxy(), setWindowRect: true, strictFileInteractability: false, timeouts: {implicit: 0, pageLoad: 300000, script: 30000}, unhandledPromptBehavior: dismiss and notify, userAgent: Mozilla/5.0 (Windows NT 10....}
Session ID: 82e3954c-9be4-4e50-b900-7134b81ab1f6">
      <![CDATA[org.openqa.selenium.NoSuchElementException: Unable to locate element: //input[@name='password']/following-sibling::div
For documentation on this error, please visit: https://www.selenium.dev/documentation/webdriver/troubleshooting/errors#no-such-element-exception
Build info: version: '4.27.0', revision: 'd6e718d134'
System info: os.name: 'Windows 10', os.arch: 'amd64', os.version: '10.0', java.version: '23.0.1'
Driver info: org.openqa.selenium.firefox.FirefoxDriver
Command: [82e3954c-9be4-4e50-b900-7134b81ab1f6, findElement {using=xpath, value=//input[@name='password']/following-sibling::div}]
Capabilities {acceptInsecureCerts: true, browserName: firefox, browserVersion: 143.0.3, moz:accessibilityChecks: false, moz:buildID: 20250929153833, moz:geckodriverVersion: 0.36.0, moz:headless: false, moz:platformVersion: 10.0, moz:processID: 32748, moz:profile: C:\WINDOWS\TEMP\rust_mozpro..., moz:shutdownTimeout: 60000, moz:webdriverClick: true, moz:windowless: false, pageLoadStrategy: normal, platformName: windows, proxy: Proxy(), setWindowRect: true, strictFileInteractability: false, timeouts: {implicit: 0, pageLoad: 300000, script: 30000}, unhandledPromptBehavior: dismiss and notify, userAgent: Mozilla/5.0 (Windows NT 10....}
Session ID: 82e3954c-9be4-4e50-b900-7134b81ab1f6
at org.openqa.selenium.remote.ErrorCodec.decode(ErrorCodec.java:167)
at org.openqa.selenium.remote.codec.w3c.W3CHttpResponseCodec.decode(W3CHttpResponseCodec.java:138)
at org.openqa.selenium.remote.codec.w3c.W3CHttpResponseCodec.decode(W3CHttpResponseCodec.java:50)
at org.openqa.selenium.remote.HttpCommandExecutor.execute(HttpCommandExecutor.java:190)
at org.openqa.selenium.remote.service.DriverCommandExecutor.invokeExecute(DriverCommandExecutor.java:216)
at org.openqa.selenium.remote.service.DriverCommandExecutor.execute(DriverCommandExecutor.java:174)
at org.openqa.selenium.remote.RemoteWebDriver.execute(RemoteWebDriver.java:545)
at org.openqa.selenium.remote.ElementLocation$ElementFinder$2.findElement(ElementLocation.java:165)
at org.openqa.selenium.remote.ElementLocation.findElement(ElementLocation.java:59)
at org.openqa.selenium.remote.RemoteWebDriver.findElement(RemoteWebDriver.java:368)
at org.openqa.selenium.remote.RemoteWebDriver.findElement(RemoteWebDriver.java:362)
at tutorialninja.register.TC_017.verifyPasswordComplaxityStandardsOnRegisterPage(TC_017.java:47)
at java.base/java.util.ArrayList.forEach(ArrayList.java:1597)
... Removed 28 stack frames]]>
    </failure>
  </testcase> <!-- verifyPasswordComplaxityStandardsOnRegisterPage -->
  <testcase classname="tutorialninja.register.TC_017" name="verifyPasswordComplaxityStandardsOnRegisterPage" time="4.738">
    <failure type="org.openqa.selenium.NoSuchElementException" message="Unable to locate element: //input[@name=&amp;apos;password&amp;apos;]/following-sibling::div
For documentation on this error, please visit: https://www.selenium.dev/documentation/webdriver/troubleshooting/errors#no-such-element-exception
Build info: version: &amp;apos;4.27.0&amp;apos;, revision: &amp;apos;d6e718d134&amp;apos;
System info: os.name: &amp;apos;Windows 10&amp;apos;, os.arch: &amp;apos;amd64&amp;apos;, os.version: &amp;apos;10.0&amp;apos;, java.version: &amp;apos;23.0.1&amp;apos;
Driver info: org.openqa.selenium.firefox.FirefoxDriver
Command: [7a31f1df-fc33-4bb5-812c-6f4802046344, findElement {using=xpath, value=//input[@name=&amp;apos;password&amp;apos;]/following-sibling::div}]
Capabilities {acceptInsecureCerts: true, browserName: firefox, browserVersion: 143.0.3, moz:accessibilityChecks: false, moz:buildID: 20250929153833, moz:geckodriverVersion: 0.36.0, moz:headless: false, moz:platformVersion: 10.0, moz:processID: 14248, moz:profile: C:\WINDOWS\TEMP\rust_mozpro..., moz:shutdownTimeout: 60000, moz:webdriverClick: true, moz:windowless: false, pageLoadStrategy: normal, platformName: windows, proxy: Proxy(), setWindowRect: true, strictFileInteractability: false, timeouts: {implicit: 0, pageLoad: 300000, script: 30000}, unhandledPromptBehavior: dismiss and notify, userAgent: Mozilla/5.0 (Windows NT 10....}
Session ID: 7a31f1df-fc33-4bb5-812c-6f4802046344">
      <![CDATA[org.openqa.selenium.NoSuchElementException: Unable to locate element: //input[@name='password']/following-sibling::div
For documentation on this error, please visit: https://www.selenium.dev/documentation/webdriver/troubleshooting/errors#no-such-element-exception
Build info: version: '4.27.0', revision: 'd6e718d134'
System info: os.name: 'Windows 10', os.arch: 'amd64', os.version: '10.0', java.version: '23.0.1'
Driver info: org.openqa.selenium.firefox.FirefoxDriver
Command: [7a31f1df-fc33-4bb5-812c-6f4802046344, findElement {using=xpath, value=//input[@name='password']/following-sibling::div}]
Capabilities {acceptInsecureCerts: true, browserName: firefox, browserVersion: 143.0.3, moz:accessibilityChecks: false, moz:buildID: 20250929153833, moz:geckodriverVersion: 0.36.0, moz:headless: false, moz:platformVersion: 10.0, moz:processID: 14248, moz:profile: C:\WINDOWS\TEMP\rust_mozpro..., moz:shutdownTimeout: 60000, moz:webdriverClick: true, moz:windowless: false, pageLoadStrategy: normal, platformName: windows, proxy: Proxy(), setWindowRect: true, strictFileInteractability: false, timeouts: {implicit: 0, pageLoad: 300000, script: 30000}, unhandledPromptBehavior: dismiss and notify, userAgent: Mozilla/5.0 (Windows NT 10....}
Session ID: 7a31f1df-fc33-4bb5-812c-6f4802046344
at org.openqa.selenium.remote.ErrorCodec.decode(ErrorCodec.java:167)
at org.openqa.selenium.remote.codec.w3c.W3CHttpResponseCodec.decode(W3CHttpResponseCodec.java:138)
at org.openqa.selenium.remote.codec.w3c.W3CHttpResponseCodec.decode(W3CHttpResponseCodec.java:50)
at org.openqa.selenium.remote.HttpCommandExecutor.execute(HttpCommandExecutor.java:190)
at org.openqa.selenium.remote.service.DriverCommandExecutor.invokeExecute(DriverCommandExecutor.java:216)
at org.openqa.selenium.remote.service.DriverCommandExecutor.execute(DriverCommandExecutor.java:174)
at org.openqa.selenium.remote.RemoteWebDriver.execute(RemoteWebDriver.java:545)
at org.openqa.selenium.remote.ElementLocation$ElementFinder$2.findElement(ElementLocation.java:165)
at org.openqa.selenium.remote.ElementLocation.findElement(ElementLocation.java:59)
at org.openqa.selenium.remote.RemoteWebDriver.findElement(RemoteWebDriver.java:368)
at org.openqa.selenium.remote.RemoteWebDriver.findElement(RemoteWebDriver.java:362)
at tutorialninja.register.TC_017.verifyPasswordComplaxityStandardsOnRegisterPage(TC_017.java:47)
at java.base/java.util.ArrayList.forEach(ArrayList.java:1597)
... Removed 28 stack frames]]>
    </failure>
  </testcase> <!-- verifyPasswordComplaxityStandardsOnRegisterPage -->
  <testcase classname="tutorialninja.register.TC_017" name="verifyPasswordComplaxityStandardsOnRegisterPage" time="5.028">
    <failure type="org.openqa.selenium.NoSuchElementException" message="Unable to locate element: //input[@name=&amp;apos;password&amp;apos;]/following-sibling::div
For documentation on this error, please visit: https://www.selenium.dev/documentation/webdriver/troubleshooting/errors#no-such-element-exception
Build info: version: &amp;apos;4.27.0&amp;apos;, revision: &amp;apos;d6e718d134&amp;apos;
System info: os.name: &amp;apos;Windows 10&amp;apos;, os.arch: &amp;apos;amd64&amp;apos;, os.version: &amp;apos;10.0&amp;apos;, java.version: &amp;apos;23.0.1&amp;apos;
Driver info: org.openqa.selenium.firefox.FirefoxDriver
Command: [074bc1c9-b2c1-46dd-a6b1-0831339c7324, findElement {using=xpath, value=//input[@name=&amp;apos;password&amp;apos;]/following-sibling::div}]
Capabilities {acceptInsecureCerts: true, browserName: firefox, browserVersion: 143.0.3, moz:accessibilityChecks: false, moz:buildID: 20250929153833, moz:geckodriverVersion: 0.36.0, moz:headless: false, moz:platformVersion: 10.0, moz:processID: 25528, moz:profile: C:\WINDOWS\TEMP\rust_mozpro..., moz:shutdownTimeout: 60000, moz:webdriverClick: true, moz:windowless: false, pageLoadStrategy: normal, platformName: windows, proxy: Proxy(), setWindowRect: true, strictFileInteractability: false, timeouts: {implicit: 0, pageLoad: 300000, script: 30000}, unhandledPromptBehavior: dismiss and notify, userAgent: Mozilla/5.0 (Windows NT 10....}
Session ID: 074bc1c9-b2c1-46dd-a6b1-0831339c7324">
      <![CDATA[org.openqa.selenium.NoSuchElementException: Unable to locate element: //input[@name='password']/following-sibling::div
For documentation on this error, please visit: https://www.selenium.dev/documentation/webdriver/troubleshooting/errors#no-such-element-exception
Build info: version: '4.27.0', revision: 'd6e718d134'
System info: os.name: 'Windows 10', os.arch: 'amd64', os.version: '10.0', java.version: '23.0.1'
Driver info: org.openqa.selenium.firefox.FirefoxDriver
Command: [074bc1c9-b2c1-46dd-a6b1-0831339c7324, findElement {using=xpath, value=//input[@name='password']/following-sibling::div}]
Capabilities {acceptInsecureCerts: true, browserName: firefox, browserVersion: 143.0.3, moz:accessibilityChecks: false, moz:buildID: 20250929153833, moz:geckodriverVersion: 0.36.0, moz:headless: false, moz:platformVersion: 10.0, moz:processID: 25528, moz:profile: C:\WINDOWS\TEMP\rust_mozpro..., moz:shutdownTimeout: 60000, moz:webdriverClick: true, moz:windowless: false, pageLoadStrategy: normal, platformName: windows, proxy: Proxy(), setWindowRect: true, strictFileInteractability: false, timeouts: {implicit: 0, pageLoad: 300000, script: 30000}, unhandledPromptBehavior: dismiss and notify, userAgent: Mozilla/5.0 (Windows NT 10....}
Session ID: 074bc1c9-b2c1-46dd-a6b1-0831339c7324
at org.openqa.selenium.remote.ErrorCodec.decode(ErrorCodec.java:167)
at org.openqa.selenium.remote.codec.w3c.W3CHttpResponseCodec.decode(W3CHttpResponseCodec.java:138)
at org.openqa.selenium.remote.codec.w3c.W3CHttpResponseCodec.decode(W3CHttpResponseCodec.java:50)
at org.openqa.selenium.remote.HttpCommandExecutor.execute(HttpCommandExecutor.java:190)
at org.openqa.selenium.remote.service.DriverCommandExecutor.invokeExecute(DriverCommandExecutor.java:216)
at org.openqa.selenium.remote.service.DriverCommandExecutor.execute(DriverCommandExecutor.java:174)
at org.openqa.selenium.remote.RemoteWebDriver.execute(RemoteWebDriver.java:545)
at org.openqa.selenium.remote.ElementLocation$ElementFinder$2.findElement(ElementLocation.java:165)
at org.openqa.selenium.remote.ElementLocation.findElement(ElementLocation.java:59)
at org.openqa.selenium.remote.RemoteWebDriver.findElement(RemoteWebDriver.java:368)
at org.openqa.selenium.remote.RemoteWebDriver.findElement(RemoteWebDriver.java:362)
at tutorialninja.register.TC_017.verifyPasswordComplaxityStandardsOnRegisterPage(TC_017.java:47)
at java.base/java.util.ArrayList.forEach(ArrayList.java:1597)
... Removed 28 stack frames]]>
    </failure>
  </testcase> <!-- verifyPasswordComplaxityStandardsOnRegisterPage -->
  <testcase classname="tutorialninja.register.TC_018" name="verifyRegisterAccountFieldHieghtWidthAlignment" time="56.421"/>
  <testcase classname="tutorialninja.register.TC_019" name="verifyLeadingAndTrealingSpacesOnAccountRegisterPage" time="4.179">
    <failure type="org.openqa.selenium.NoSuchElementException" message="Unable to locate element: Continue
For documentation on this error, please visit: https://www.selenium.dev/documentation/webdriver/troubleshooting/errors#no-such-element-exception
Build info: version: &amp;apos;4.27.0&amp;apos;, revision: &amp;apos;d6e718d134&amp;apos;
System info: os.name: &amp;apos;Windows 10&amp;apos;, os.arch: &amp;apos;amd64&amp;apos;, os.version: &amp;apos;10.0&amp;apos;, java.version: &amp;apos;23.0.1&amp;apos;
Driver info: org.openqa.selenium.firefox.FirefoxDriver
Command: [aec9f7b1-b667-46f4-9033-f44d3ef0ea7a, findElement {using=link text, value=Continue}]
Capabilities {acceptInsecureCerts: true, browserName: firefox, browserVersion: 143.0.3, moz:accessibilityChecks: false, moz:buildID: 20250929153833, moz:geckodriverVersion: 0.36.0, moz:headless: false, moz:platformVersion: 10.0, moz:processID: 31800, moz:profile: C:\WINDOWS\TEMP\rust_mozpro..., moz:shutdownTimeout: 60000, moz:webdriverClick: true, moz:windowless: false, pageLoadStrategy: normal, platformName: windows, proxy: Proxy(), setWindowRect: true, strictFileInteractability: false, timeouts: {implicit: 0, pageLoad: 300000, script: 30000}, unhandledPromptBehavior: dismiss and notify, userAgent: Mozilla/5.0 (Windows NT 10....}
Session ID: aec9f7b1-b667-46f4-9033-f44d3ef0ea7a">
      <![CDATA[org.openqa.selenium.NoSuchElementException: Unable to locate element: Continue
For documentation on this error, please visit: https://www.selenium.dev/documentation/webdriver/troubleshooting/errors#no-such-element-exception
Build info: version: '4.27.0', revision: 'd6e718d134'
System info: os.name: 'Windows 10', os.arch: 'amd64', os.version: '10.0', java.version: '23.0.1'
Driver info: org.openqa.selenium.firefox.FirefoxDriver
Command: [aec9f7b1-b667-46f4-9033-f44d3ef0ea7a, findElement {using=link text, value=Continue}]
Capabilities {acceptInsecureCerts: true, browserName: firefox, browserVersion: 143.0.3, moz:accessibilityChecks: false, moz:buildID: 20250929153833, moz:geckodriverVersion: 0.36.0, moz:headless: false, moz:platformVersion: 10.0, moz:processID: 31800, moz:profile: C:\WINDOWS\TEMP\rust_mozpro..., moz:shutdownTimeout: 60000, moz:webdriverClick: true, moz:windowless: false, pageLoadStrategy: normal, platformName: windows, proxy: Proxy(), setWindowRect: true, strictFileInteractability: false, timeouts: {implicit: 0, pageLoad: 300000, script: 30000}, unhandledPromptBehavior: dismiss and notify, userAgent: Mozilla/5.0 (Windows NT 10....}
Session ID: aec9f7b1-b667-46f4-9033-f44d3ef0ea7a
at org.openqa.selenium.remote.ErrorCodec.decode(ErrorCodec.java:167)
at org.openqa.selenium.remote.codec.w3c.W3CHttpResponseCodec.decode(W3CHttpResponseCodec.java:138)
at org.openqa.selenium.remote.codec.w3c.W3CHttpResponseCodec.decode(W3CHttpResponseCodec.java:50)
at org.openqa.selenium.remote.HttpCommandExecutor.execute(HttpCommandExecutor.java:190)
at org.openqa.selenium.remote.service.DriverCommandExecutor.invokeExecute(DriverCommandExecutor.java:216)
at org.openqa.selenium.remote.service.DriverCommandExecutor.execute(DriverCommandExecutor.java:174)
at org.openqa.selenium.remote.RemoteWebDriver.execute(RemoteWebDriver.java:545)
at org.openqa.selenium.remote.ElementLocation$ElementFinder$2.findElement(ElementLocation.java:165)
at org.openqa.selenium.remote.ElementLocation.findElement(ElementLocation.java:59)
at org.openqa.selenium.remote.RemoteWebDriver.findElement(RemoteWebDriver.java:368)
at org.openqa.selenium.remote.RemoteWebDriver.findElement(RemoteWebDriver.java:362)
at tutorialninja.register.TC_019.verifyLeadingAndTrealingSpacesOnAccountRegisterPage(TC_019.java:51)
at java.base/java.util.ArrayList.forEach(ArrayList.java:1597)
... Removed 28 stack frames]]>
    </failure>
  </testcase> <!-- verifyLeadingAndTrealingSpacesOnAccountRegisterPage -->
  <testcase classname="tutorialninja.register.TC_020" name="verifyPrivacyPoliceCheckboxIsUnchecked" time="0.027"/>
  <testcase classname="tutorialninja.register.TC_021" name="verifyRegisteringAccountPrivacyPoliceCheckbox" time="1.111"/>
  <testcase classname="tutorialninja.register.TC_022" name="verifyPasswordToggeledOnRegisteredAccountPage" time="0.076"/>
  <testcase classname="tutorialninja.register.TC_023" name="verifyLinksAreClickableOnRegisterPage" time="47.294"/>
  <testcase classname="tutorialninja.register.TC_024" name="verifyConfirmPasswordField" time="1.159"/>
  <testcase classname="tutorialninja.register.TC_025" name="verifyBreadcrumURLTitleHeadingOnRegisterAccountPage" time="0.126"/>
  <testcase classname="tutorialninja.register.TC_026" name="verifyRegisterAccountPageUI" time="0.967"/>
  <testcase classname="tutorialninja.register.TC_027" name="verifyRegisteringAccountOnDifferentEnvironments" time="1.968"/>
</testsuite> <!-- Test -->
