<?xml version="1.0" encoding="UTF-8"?>
<testng-results ignored="12" total="13" passed="1" failed="0" skipped="0">
  <reporter-output>
  </reporter-output>
  <suite started-at="2025-10-16T21:15:13 IST" name="Default suite" finished-at="2025-10-16T21:15:23 IST" duration-ms="9878">
    <groups>
    </groups>
    <test started-at="2025-10-16T21:15:13 IST" name="Default test" finished-at="2025-10-16T21:15:23 IST" duration-ms="9878">
      <class name="tutorialninja.tests.Login">
        <test-method is-config="true" signature="setUp()[pri:0, instance:tutorialninja.tests.Login@2002fc1d]" started-at="2025-10-16T21:15:14 IST" name="setUp" finished-at="2025-10-16T21:15:23 IST" duration-ms="9301" status="PASS">
          <reporter-output>
          </reporter-output>
        </test-method> <!-- setUp -->
        <test-method signature="verifyPasswordEneterdHaveToggeled()[pri:13, instance:tutorialninja.tests.Login@2002fc1d]" started-at="2025-10-16T21:15:23 IST" name="verifyPasswordEneterdHaveToggeled" finished-at="2025-10-16T21:15:23 IST" duration-ms="67" status="PASS">
          <reporter-output>
          </reporter-output>
        </test-method> <!-- verifyPasswordEneterdHaveToggeled -->
        <test-method is-config="true" signature="tearDown()[pri:0, instance:tutorialninja.tests.Login@2002fc1d]" started-at="2025-10-16T21:15:23 IST" name="tearDown" finished-at="2025-10-16T21:15:23 IST" duration-ms="409" status="PASS">
          <reporter-output>
          </reporter-output>
        </test-method> <!-- tearDown -->
      </class> <!-- tutorialninja.tests.Login -->
    </test> <!-- Default test -->
  </suite> <!-- Default suite -->
</testng-results>
