<?xml version="1.0" encoding="UTF-8"?>
<testng-results ignored="0" total="1" passed="1" failed="0" skipped="0">
  <reporter-output>
  </reporter-output>
  <suite started-at="2025-10-06T20:56:07 IST" name="Default suite" finished-at="2025-10-06T20:56:29 IST" duration-ms="22774">
    <groups>
    </groups>
    <test started-at="2025-10-06T20:56:07 IST" name="Default test" finished-at="2025-10-06T20:56:29 IST" duration-ms="22774">
      <class name="tutorialninja.register.TC_012">
        <test-method is-config="true" signature="setUp()[pri:0, instance:tutorialninja.register.TC_012@4c178a76]" started-at="2025-10-06T20:56:07 IST" name="setUp" finished-at="2025-10-06T20:56:17 IST" duration-ms="9930" status="PASS">
          <reporter-output>
          </reporter-output>
        </test-method> <!-- setUp -->
        <test-method signature="verifyRegisterAccountPageUsingKeyboardKeys()[pri:0, instance:tutorialninja.register.TC_012@4c178a76]" started-at="2025-10-06T20:56:17 IST" name="verifyRegisterAccountPageUsingKeyboardKeys" finished-at="2025-10-06T20:56:29 IST" duration-ms="12088" status="PASS">
          <reporter-output>
          </reporter-output>
        </test-method> <!-- verifyRegisterAccountPageUsingKeyboardKeys -->
        <test-method is-config="true" signature="tearDown()[pri:0, instance:tutorialninja.register.TC_012@4c178a76]" started-at="2025-10-06T20:56:29 IST" name="tearDown" finished-at="2025-10-06T20:56:29 IST" duration-ms="677" status="PASS">
          <reporter-output>
          </reporter-output>
        </test-method> <!-- tearDown -->
      </class> <!-- tutorialninja.register.TC_012 -->
    </test> <!-- Default test -->
  </suite> <!-- Default suite -->
</testng-results>
